<?xml version="1.0" encoding="UTF-8"?>
<testng-results ignored="0" total="1" passed="1" failed="0" skipped="0">
  <reporter-output>
  </reporter-output>
  <suite started-at="2024-01-03T23:22:49 IST" name="Suite" finished-at="2024-01-03T23:22:51 IST" duration-ms="2883">
    <groups>
    </groups>
    <test started-at="2024-01-03T23:22:49 IST" name="Test" finished-at="2024-01-03T23:22:51 IST" duration-ms="2883">
      <class name="Test.DataDriven">
        <test-method signature="test_Delete2(int)[pri:0, instance:Test.DataDriven@3911c2a7]" started-at="2024-01-03T23:22:49 IST" name="test_Delete2" finished-at="2024-01-03T23:22:51 IST" duration-ms="2807" status="PASS">
          <params>
            <param index="0">
              <value>
                <![CDATA[5]]>
              </value>
            </param>
          </params>
          <reporter-output>
          </reporter-output>
        </test-method> <!-- test_Delete2 -->
      </class> <!-- Test.DataDriven -->
    </test> <!-- Test -->
  </suite> <!-- Suite -->
</testng-results>
